0 verbose cli [ '/usr/local/bin/node', '/usr/local/bin/npm', 'install' ]
1 info using npm@8.5.0
2 info using node@v16.14.2
3 timing npm:load:whichnode Completed in 0ms
4 timing config:load:defaults Completed in 1ms
5 timing config:load:file:/usr/local/lib/node_modules/npm/npmrc Completed in 2ms
6 timing config:load:builtin Completed in 2ms
7 timing config:load:cli Completed in 2ms
8 timing config:load:env Completed in 0ms
9 timing config:load:project Completed in 4ms
10 timing config:load:file:/home/node/.npmrc Completed in 0ms
11 timing config:load:user Completed in 0ms
12 timing config:load:file:/usr/local/etc/npmrc Completed in 0ms
13 timing config:load:global Completed in 0ms
14 timing config:load:validate Completed in 0ms
15 timing config:load:credentials Completed in 1ms
16 timing config:load:setEnvs Completed in 0ms
17 timing config:load Completed in 11ms
18 timing npm:load:configload Completed in 11ms
19 timing npm:load:setTitle Completed in 0ms
20 timing config:load:flatten Completed in 2ms
21 timing npm:load:display Completed in 3ms
22 verbose logfile /home/node/.npm/_logs/2024-04-09T07_34_36_269Z-debug-0.log
23 timing npm:load:logFile Completed in 4ms
24 timing npm:load:timers Completed in 0ms
25 timing npm:load:configScope Completed in 0ms
26 timing npm:load Completed in 18ms
27 timing arborist:ctor Completed in 1ms
28 silly logfile start cleaning logs, removing 1 files
29 timing idealTree:init Completed in 335ms
30 timing idealTree:userRequests Completed in 0ms
31 silly idealTree buildDeps
32 timing idealTree:#root Completed in 0ms
33 timing idealTree:buildDeps Completed in 2ms
34 timing idealTree:fixDepFlags Completed in 0ms
35 timing idealTree Completed in 344ms
36 timing arborist:ctor Completed in 0ms
37 timing reify:loadTrees Completed in 590ms
38 timing reify:diffTrees Completed in 11ms
39 silly reify moves {}
40 timing reify:retireShallow Completed in 0ms
41 timing reify:createSparse Completed in 3ms
42 timing reify:loadBundles Completed in 0ms
43 silly audit bulk request {
43 silly audit   '@aashutoshrathi/word-wrap': [ '1.2.6' ],
43 silly audit   '@achrinza/node-ipc': [ '9.2.8' ],
43 silly audit   '@ampproject/remapping': [ '2.3.0' ],
43 silly audit   '@babel/code-frame': [ '7.24.2', '7.12.11' ],
43 silly audit   '@babel/compat-data': [ '7.24.1' ],
43 silly audit   '@babel/core': [ '7.24.3' ],
43 silly audit   '@babel/generator': [ '7.24.1' ],
43 silly audit   '@babel/helper-annotate-as-pure': [ '7.22.5' ],
43 silly audit   '@babel/helper-builder-binary-assignment-operator-visitor': [ '7.22.15' ],
43 silly audit   '@babel/helper-compilation-targets': [ '7.23.6' ],
43 silly audit   '@babel/helper-create-class-features-plugin': [ '7.24.1' ],
43 silly audit   '@babel/helper-create-regexp-features-plugin': [ '7.22.15' ],
43 silly audit   '@babel/helper-define-polyfill-provider': [ '0.6.1' ],
43 silly audit   '@babel/helper-environment-visitor': [ '7.22.20' ],
43 silly audit   '@babel/helper-function-name': [ '7.23.0' ],
43 silly audit   '@babel/helper-hoist-variables': [ '7.22.5' ],
43 silly audit   '@babel/helper-member-expression-to-functions': [ '7.23.0' ],
43 silly audit   '@babel/helper-module-imports': [ '7.24.3', '7.22.15' ],
43 silly audit   '@babel/helper-module-transforms': [ '7.23.3' ],
43 silly audit   '@babel/helper-optimise-call-expression': [ '7.22.5' ],
43 silly audit   '@babel/helper-plugin-utils': [ '7.24.0' ],
43 silly audit   '@babel/helper-remap-async-to-generator': [ '7.22.20' ],
43 silly audit   '@babel/helper-replace-supers': [ '7.24.1' ],
43 silly audit   '@babel/helper-simple-access': [ '7.22.5' ],
43 silly audit   '@babel/helper-skip-transparent-expression-wrappers': [ '7.22.5' ],
43 silly audit   '@babel/helper-split-export-declaration': [ '7.22.6' ],
43 silly audit   '@babel/helper-string-parser': [ '7.24.1' ],
43 silly audit   '@babel/helper-validator-identifier': [ '7.22.20' ],
43 silly audit   '@babel/helper-validator-option': [ '7.23.5' ],
43 silly audit   '@babel/helper-wrap-function': [ '7.22.20' ],
43 silly audit   '@babel/helpers': [ '7.24.1' ],
43 silly audit   '@babel/highlight': [ '7.24.2' ],
43 silly audit   '@babel/parser': [ '7.24.1' ],
43 silly audit   '@babel/plugin-bugfix-safari-id-destructuring-collision-in-function-expression': [ '7.24.1' ],
43 silly audit   '@babel/plugin-bugfix-v8-spread-parameters-in-optional-chaining': [ '7.24.1' ],
43 silly audit   '@babel/plugin-bugfix-v8-static-class-fields-redefine-readonly': [ '7.24.1' ],
43 silly audit   '@babel/plugin-proposal-class-properties': [ '7.18.6' ],
43 silly audit   '@babel/plugin-proposal-decorators': [ '7.24.1' ],
43 silly audit   '@babel/plugin-proposal-private-property-in-object': [ '7.21.0-placeholder-for-preset-env.2' ],
43 silly audit   '@babel/plugin-syntax-async-generators': [ '7.8.4' ],
43 silly audit   '@babel/plugin-syntax-class-properties': [ '7.12.13' ],
43 silly audit   '@babel/plugin-syntax-class-static-block': [ '7.14.5' ],
43 silly audit   '@babel/plugin-syntax-decorators': [ '7.24.1' ],
43 silly audit   '@babel/plugin-syntax-dynamic-import': [ '7.8.3' ],
43 silly audit   '@babel/plugin-syntax-export-namespace-from': [ '7.8.3' ],
43 silly audit   '@babel/plugin-syntax-import-assertions': [ '7.24.1' ],
43 silly audit   '@babel/plugin-syntax-import-attributes': [ '7.24.1' ],
43 silly audit   '@babel/plugin-syntax-import-meta': [ '7.10.4' ],
43 silly audit   '@babel/plugin-syntax-json-strings': [ '7.8.3' ],
43 silly audit   '@babel/plugin-syntax-jsx': [ '7.24.1' ],
43 silly audit   '@babel/plugin-syntax-logical-assignment-operators': [ '7.10.4' ],
43 silly audit   '@babel/plugin-syntax-nullish-coalescing-operator': [ '7.8.3' ],
43 silly audit   '@babel/plugin-syntax-numeric-separator': [ '7.10.4' ],
43 silly audit   '@babel/plugin-syntax-object-rest-spread': [ '7.8.3' ],
43 silly audit   '@babel/plugin-syntax-optional-catch-binding': [ '7.8.3' ],
43 silly audit   '@babel/plugin-syntax-optional-chaining': [ '7.8.3' ],
43 silly audit   '@babel/plugin-syntax-private-property-in-object': [ '7.14.5' ],
43 silly audit   '@babel/plugin-syntax-top-level-await': [ '7.14.5' ],
43 silly audit   '@babel/plugin-syntax-unicode-sets-regex': [ '7.18.6' ],
43 silly audit   '@babel/plugin-transform-arrow-functions': [ '7.24.1' ],
43 silly audit   '@babel/plugin-transform-async-generator-functions': [ '7.24.3' ],
43 silly audit   '@babel/plugin-transform-async-to-generator': [ '7.24.1' ],
43 silly audit   '@babel/plugin-transform-block-scoped-functions': [ '7.24.1' ],
43 silly audit   '@babel/plugin-transform-block-scoping': [ '7.24.1' ],
43 silly audit   '@babel/plugin-transform-class-properties': [ '7.24.1' ],
43 silly audit   '@babel/plugin-transform-class-static-block': [ '7.24.1' ],
43 silly audit   '@babel/plugin-transform-classes': [ '7.24.1' ],
43 silly audit   '@babel/plugin-transform-computed-properties': [ '7.24.1' ],
43 silly audit   '@babel/plugin-transform-destructuring': [ '7.24.1' ],
43 silly audit   '@babel/plugin-transform-dotall-regex': [ '7.24.1' ],
43 silly audit   '@babel/plugin-transform-duplicate-keys': [ '7.24.1' ],
43 silly audit   '@babel/plugin-transform-dynamic-import': [ '7.24.1' ],
43 silly audit   '@babel/plugin-transform-exponentiation-operator': [ '7.24.1' ],
43 silly audit   '@babel/plugin-transform-export-namespace-from': [ '7.24.1' ],
43 silly audit   '@babel/plugin-transform-for-of': [ '7.24.1' ],
43 silly audit   '@babel/plugin-transform-function-name': [ '7.24.1' ],
43 silly audit   '@babel/plugin-transform-json-strings': [ '7.24.1' ],
43 silly audit   '@babel/plugin-transform-literals': [ '7.24.1' ],
43 silly audit   '@babel/plugin-transform-logical-assignment-operators': [ '7.24.1' ],
43 silly audit   '@babel/plugin-transform-member-expression-literals': [ '7.24.1' ],
43 silly audit   '@babel/plugin-transform-modules-amd': [ '7.24.1' ],
43 silly audit   '@babel/plugin-transform-modules-commonjs': [ '7.24.1' ],
43 silly audit   '@babel/plugin-transform-modules-systemjs': [ '7.24.1' ],
43 silly audit   '@babel/plugin-transform-modules-umd': [ '7.24.1' ],
43 silly audit   '@babel/plugin-transform-named-capturing-groups-regex': [ '7.22.5' ],
43 silly audit   '@babel/plugin-transform-new-target': [ '7.24.1' ],
43 silly audit   '@babel/plugin-transform-nullish-coalescing-operator': [ '7.24.1' ],
43 silly audit   '@babel/plugin-transform-numeric-separator': [ '7.24.1' ],
43 silly audit   '@babel/plugin-transform-object-rest-spread': [ '7.24.1' ],
43 silly audit   '@babel/plugin-transform-object-super': [ '7.24.1' ],
43 silly audit   '@babel/plugin-transform-optional-catch-binding': [ '7.24.1' ],
43 silly audit   '@babel/plugin-transform-optional-chaining': [ '7.24.1' ],
43 silly audit   '@babel/plugin-transform-parameters': [ '7.24.1' ],
43 silly audit   '@babel/plugin-transform-private-methods': [ '7.24.1' ],
43 silly audit   '@babel/plugin-transform-private-property-in-object': [ '7.24.1' ],
43 silly audit   '@babel/plugin-transform-property-literals': [ '7.24.1' ],
43 silly audit   '@babel/plugin-transform-regenerator': [ '7.24.1' ],
43 silly audit   '@babel/plugin-transform-reserved-words': [ '7.24.1' ],
43 silly audit   '@babel/plugin-transform-runtime': [ '7.24.3' ],
43 silly audit   '@babel/plugin-transform-shorthand-properties': [ '7.24.1' ],
43 silly audit   '@babel/plugin-transform-spread': [ '7.24.1' ],
43 silly audit   '@babel/plugin-transform-sticky-regex': [ '7.24.1' ],
43 silly audit   '@babel/plugin-transform-template-literals': [ '7.24.1' ],
43 silly audit   '@babel/plugin-transform-typeof-symbol': [ '7.24.1' ],
43 silly audit   '@babel/plugin-transform-unicode-escapes': [ '7.24.1' ],
43 silly audit   '@babel/plugin-transform-unicode-property-regex': [ '7.24.1' ],
43 silly audit   '@babel/plugin-transform-unicode-regex': [ '7.24.1' ],
43 silly audit   '@babel/plugin-transform-unicode-sets-regex': [ '7.24.1' ],
43 silly audit   '@babel/preset-env': [ '7.24.3' ],
43 silly audit   '@babel/preset-modules': [ '0.1.6-no-external-plugins' ],
43 silly audit   '@babel/regjsgen': [ '0.8.0' ],
43 silly audit   '@babel/runtime': [ '7.24.1' ],
43 silly audit   '@babel/template': [ '7.24.0' ],
43 silly audit   '@babel/traverse': [ '7.24.1' ],
43 silly audit   '@babel/types': [ '7.24.0' ],
43 silly audit   '@discoveryjs/json-ext': [ '0.5.7' ],
43 silly audit   '@eslint-community/eslint-utils': [ '4.4.0' ],
43 silly audit   '@eslint-community/regexpp': [ '4.10.0' ],
43 silly audit   '@eslint/eslintrc': [ '0.4.3' ],
43 silly audit   globals: [ '13.24.0', '11.12.0' ],
43 silly audit   ignore: [ '4.0.6', '5.3.1' ],
43 silly audit   'type-fest': [ '0.20.2', '0.8.1', '0.6.0' ],
43 silly audit   '@hapi/hoek': [ '9.3.0' ],
43 silly audit   '@hapi/topo': [ '5.1.0' ],
43 silly audit   '@humanwhocodes/config-array': [ '0.5.0' ],
43 silly audit   '@humanwhocodes/object-schema': [ '1.2.1' ],
43 silly audit   '@jridgewell/gen-mapping': [ '0.3.5' ],
43 silly audit   '@jridgewell/resolve-uri': [ '3.1.2' ],
43 silly audit   '@jridgewell/set-array': [ '1.2.1' ],
43 silly audit   '@jridgewell/source-map': [ '0.3.6' ],
43 silly audit   '@jridgewell/sourcemap-codec': [ '1.4.15' ],
43 silly audit   '@jridgewell/trace-mapping': [ '0.3.25' ],
43 silly audit   '@leichtgewicht/ip-codec': [ '2.0.5' ],
43 silly audit   '@node-ipc/js-queue': [ '2.0.3' ],
43 silly audit   '@nodelib/fs.scandir': [ '2.1.5' ],
43 silly audit   '@nodelib/fs.stat': [ '2.0.5' ],
43 silly audit   '@nodelib/fs.walk': [ '1.2.8' ],
43 silly audit   '@polka/url': [ '1.0.0-next.25' ],
43 silly audit   '@sideway/address': [ '4.1.5' ],
43 silly audit   '@sideway/formula': [ '3.0.1' ],
43 silly audit   '@sideway/pinpoint': [ '2.0.0' ],
43 silly audit   '@soda/friendly-errors-webpack-plugin': [ '1.8.1' ],
43 silly audit   'ansi-styles': [ '4.3.0', '3.2.1' ],
43 silly audit   chalk: [ '3.0.0', '4.1.2', '2.4.2' ],
43 silly audit   'color-convert': [ '2.0.1', '1.9.3' ],
43 silly audit   'color-name': [ '1.1.4', '1.1.3' ],
43 silly audit   'has-flag': [ '4.0.0', '3.0.0' ],
43 silly audit   'supports-color': [ '7.2.0', '8.1.1', '5.5.0' ],
43 silly audit   '@soda/get-current-script': [ '1.0.2' ],
43 silly audit   '@trysound/sax': [ '0.2.0' ],
43 silly audit   '@types/body-parser': [ '1.19.5' ],
43 silly audit   '@types/bonjour': [ '3.5.13' ],
43 silly audit   '@types/connect': [ '3.4.38' ],
43 silly audit   '@types/connect-history-api-fallback': [ '1.5.4' ],
43 silly audit   '@types/eslint': [ '8.56.6' ],
43 silly audit   '@types/eslint-scope': [ '3.7.7' ],
43 silly audit   '@types/estree': [ '1.0.5' ],
43 silly audit   '@types/express': [ '4.17.21' ],
43 silly audit   '@types/express-serve-static-core': [ '4.17.43' ],
43 silly audit   '@types/html-minifier-terser': [ '6.1.0' ],
43 silly audit   '@types/http-errors': [ '2.0.4' ],
43 silly audit   '@types/http-proxy': [ '1.17.14' ],
43 silly audit   '@types/json-schema': [ '7.0.15' ],
43 silly audit   '@types/mime': [ '1.3.5' ],
43 silly audit   '@types/minimist': [ '1.2.5' ],
43 silly audit   '@types/node': [ '20.12.2' ],
43 silly audit   '@types/node-forge': [ '1.3.11' ],
43 silly audit   '@types/normalize-package-data': [ '2.4.4' ],
43 silly audit   '@types/parse-json': [ '4.0.2' ],
43 silly audit   '@types/qs': [ '6.9.14' ],
43 silly audit   '@types/range-parser': [ '1.2.7' ],
43 silly audit   '@types/retry': [ '0.12.0' ],
43 silly audit   '@types/semver': [ '7.5.8' ],
43 silly audit   '@types/send': [ '0.17.4' ],
43 silly audit   '@types/serve-index': [ '1.9.4' ],
43 silly audit   '@types/serve-static': [ '1.15.5' ],
43 silly audit   '@types/sockjs': [ '0.3.36' ],
43 silly audit   '@types/webpack-env': [ '1.18.4' ],
43 silly audit   '@types/ws': [ '8.5.10' ],
43 silly audit   '@typescript-eslint/eslint-plugin': [ '5.62.0' ],
43 silly audit   'lru-cache': [ '6.0.0', '4.1.5', '5.1.1' ],
43 silly audit   semver: [ '7.6.0', '5.7.2', '6.3.1' ],
43 silly audit   yallist: [ '4.0.0', '2.1.2', '3.1.1' ],
43 silly audit   '@typescript-eslint/parser': [ '5.62.0' ],
43 silly audit   '@typescript-eslint/scope-manager': [ '5.62.0' ],
43 silly audit   '@typescript-eslint/type-utils': [ '5.62.0' ],
43 silly audit   '@typescript-eslint/types': [ '5.62.0' ],
43 silly audit   '@typescript-eslint/typescript-estree': [ '5.62.0' ],
43 silly audit   '@typescript-eslint/utils': [ '5.62.0' ],
43 silly audit   '@typescript-eslint/visitor-keys': [ '5.62.0' ],
43 silly audit   '@vue/babel-helper-vue-jsx-merge-props': [ '1.4.0' ],
43 silly audit   '@vue/babel-helper-vue-transform-on': [ '1.2.2' ],
43 silly audit   '@vue/babel-plugin-jsx': [ '1.2.2' ],
43 silly audit   '@vue/babel-plugin-resolve-type': [ '1.2.2' ],
43 silly audit   '@vue/babel-plugin-transform-vue-jsx': [ '1.4.0' ],
43 silly audit   'html-tags': [ '2.0.0', '3.3.1' ],
43 silly audit   '@vue/babel-preset-app': [ '5.0.8' ],
43 silly audit   '@vue/babel-preset-jsx': [ '1.4.0' ],
43 silly audit   '@vue/babel-sugar-composition-api-inject-h': [ '1.4.0' ],
43 silly audit   '@vue/babel-sugar-composition-api-render-instance': [ '1.4.0' ],
43 silly audit   '@vue/babel-sugar-functional-vue': [ '1.4.0' ],
43 silly audit   '@vue/babel-sugar-inject-h': [ '1.4.0' ],
43 silly audit   '@vue/babel-sugar-v-model': [ '1.4.0' ],
43 silly audit   camelcase: [ '5.3.1', '6.3.0' ],
43 silly audit   '@vue/babel-sugar-v-on': [ '1.4.0' ],
43 silly audit   '@vue/cli-overlay': [ '5.0.8' ],
43 silly audit   '@vue/cli-plugin-babel': [ '5.0.8' ],
43 silly audit   '@vue/cli-plugin-eslint': [ '5.0.8' ],
43 silly audit   '@vue/cli-plugin-router': [ '5.0.8' ],
43 silly audit   '@vue/cli-plugin-typescript': [ '5.0.8' ],
43 silly audit   '@vue/cli-plugin-vuex': [ '5.0.8' ],
43 silly audit   '@vue/cli-service': [ '5.0.8' ],
43 silly audit   '@vue/cli-shared-utils': [ '5.0.8' ],
43 silly audit   '@vue/compiler-core': [ '3.4.21' ],
43 silly audit   '@vue/compiler-dom': [ '3.4.21' ],
43 silly audit   '@vue/compiler-sfc': [ '3.4.21' ],
43 silly audit   '@vue/compiler-ssr': [ '3.4.21' ],
43 silly audit   '@vue/component-compiler-utils': [ '3.3.0' ],
43 silly audit   'hash-sum': [ '1.0.2', '2.0.0' ],
43 silly audit   picocolors: [ '0.2.1', '1.0.0' ],
43 silly audit   postcss: [ '7.0.39', '8.4.38' ],
43 silly audit   '@vue/eslint-config-typescript': [ '9.1.0' ],
43 silly audit   '@vue/reactivity': [ '3.4.21' ],
43 silly audit   '@vue/runtime-core': [ '3.4.21' ],
43 silly audit   '@vue/runtime-dom': [ '3.4.21' ],
43 silly audit   '@vue/server-renderer': [ '3.4.21' ],
43 silly audit   '@vue/shared': [ '3.4.21' ],
43 silly audit   'vue-loader': [ '15.11.1', '17.4.2' ],
43 silly audit   '@vue/web-component-wrapper': [ '1.3.0' ],
43 silly audit   '@webassemblyjs/ast': [ '1.12.1' ],
43 silly audit   '@webassemblyjs/floating-point-hex-parser': [ '1.11.6' ],
43 silly audit   '@webassemblyjs/helper-api-error': [ '1.11.6' ],
43 silly audit   '@webassemblyjs/helper-buffer': [ '1.12.1' ],
43 silly audit   '@webassemblyjs/helper-numbers': [ '1.11.6' ],
43 silly audit   '@webassemblyjs/helper-wasm-bytecode': [ '1.11.6' ],
43 silly audit   '@webassemblyjs/helper-wasm-section': [ '1.12.1' ],
43 silly audit   '@webassemblyjs/ieee754': [ '1.11.6' ],
43 silly audit   '@webassemblyjs/leb128': [ '1.11.6' ],
43 silly audit   '@webassemblyjs/utf8': [ '1.11.6' ],
43 silly audit   '@webassemblyjs/wasm-edit': [ '1.12.1' ],
43 silly audit   '@webassemblyjs/wasm-gen': [ '1.12.1' ],
43 silly audit   '@webassemblyjs/wasm-opt': [ '1.12.1' ],
43 silly audit   '@webassemblyjs/wasm-parser': [ '1.12.1' ],
43 silly audit   '@webassemblyjs/wast-printer': [ '1.12.1' ],
43 silly audit   '@xtuc/ieee754': [ '1.2.0' ],
43 silly audit   '@xtuc/long': [ '4.2.2' ],
43 silly audit   accepts: [ '1.3.8' ],
43 silly audit   acorn: [ '8.11.3', '7.4.1' ],
43 silly audit   'acorn-import-assertions': [ '1.9.0' ],
43 silly audit   'acorn-jsx': [ '5.3.2' ],
43 silly audit   'acorn-walk': [ '8.3.2' ],
43 silly audit   address: [ '1.2.2' ],
43 silly audit   ajv: [ '6.12.6', '8.12.0' ],
43 silly audit   'ajv-formats': [ '2.1.1' ],
43 silly audit   'json-schema-traverse': [ '1.0.0', '0.4.1' ],
43 silly audit   'ajv-keywords': [ '3.5.2', '5.1.0' ],
43 silly audit   'ansi-colors': [ '4.1.3' ],
43 silly audit   'ansi-escapes': [ '3.2.0' ],
43 silly audit   'ansi-html-community': [ '0.0.8' ],
43 silly audit   'ansi-regex': [ '5.0.1', '3.0.1' ],
43 silly audit   'any-promise': [ '1.3.0' ],
43 silly audit   anymatch: [ '3.1.3' ],
43 silly audit   arch: [ '2.2.0' ],
43 silly audit   argparse: [ '1.0.10' ],
43 silly audit   'array-flatten': [ '1.1.1' ],
43 silly audit   'array-union': [ '2.1.0' ],
43 silly audit   'astral-regex': [ '2.0.0' ],
43 silly audit   async: [ '2.6.4' ],
43 silly audit   'at-least-node': [ '1.0.0' ],
43 silly audit   autoprefixer: [ '10.4.19' ],
43 silly audit   'babel-loader': [ '8.3.0' ],
43 silly audit   'loader-utils': [ '2.0.4', '1.4.2' ],
43 silly audit   'babel-plugin-dynamic-import-node': [ '2.3.3' ],
43 silly audit   'babel-plugin-polyfill-corejs2': [ '0.4.10' ],
43 silly audit   'babel-plugin-polyfill-corejs3': [ '0.10.4' ],
43 silly audit   'babel-plugin-polyfill-regenerator': [ '0.6.1' ],
43 silly audit   'balanced-match': [ '1.0.2' ],
43 silly audit   'base64-js': [ '1.5.1' ],
43 silly audit   batch: [ '0.6.1' ],
43 silly audit   'big.js': [ '5.2.2' ],
43 silly audit   'binary-extensions': [ '2.3.0' ],
43 silly audit   bl: [ '4.1.0' ],
43 silly audit   bluebird: [ '3.7.2' ],
43 silly audit   'body-parser': [ '1.20.2' ],
43 silly audit   bytes: [ '3.1.2', '3.0.0' ],
43 silly audit   debug: [ '2.6.9', '4.3.4', '3.2.7' ],
43 silly audit   ms: [ '2.0.0', '2.1.2', '2.1.3' ],
43 silly audit   'bonjour-service': [ '1.2.1' ],
43 silly audit   boolbase: [ '1.0.0' ],
43 silly audit   'brace-expansion': [ '1.1.11' ],
43 silly audit   braces: [ '3.0.2' ],
43 silly audit   browserslist: [ '4.23.0' ],
43 silly audit   buffer: [ '5.7.1' ],
43 silly audit   'buffer-from': [ '1.1.2' ],
43 silly audit   'call-bind': [ '1.0.7' ],
43 silly audit   callsites: [ '3.1.0' ],
43 silly audit   'camel-case': [ '4.1.2' ],
43 silly audit   'caniuse-api': [ '3.0.0' ],
43 silly audit   'caniuse-lite': [ '1.0.30001603' ],
43 silly audit   'case-sensitive-paths-webpack-plugin': [ '2.4.0' ],
43 silly audit   chokidar: [ '3.6.0' ],
43 silly audit   'glob-parent': [ '5.1.2', '6.0.2' ],
43 silly audit   'chrome-trace-event': [ '1.0.3' ],
43 silly audit   'ci-info': [ '1.6.0' ],
43 silly audit   'clean-css': [ '5.3.3' ],
43 silly audit   'cli-cursor': [ '3.1.0', '2.1.0' ],
43 silly audit   'cli-highlight': [ '2.1.11' ],
43 silly audit   'cli-spinners': [ '2.9.2' ],
43 silly audit   clipboardy: [ '2.3.0' ],
43 silly audit   cliui: [ '7.0.4' ],
43 silly audit   clone: [ '1.0.4' ],
43 silly audit   'clone-deep': [ '4.0.1' ],
43 silly audit   'is-plain-object': [ '2.0.4', '5.0.0' ],
43 silly audit   colord: [ '2.9.3' ],
43 silly audit   colorette: [ '2.0.20' ],
43 silly audit   commander: [ '8.3.0', '7.2.0', '2.20.3' ],
43 silly audit   commondir: [ '1.0.1' ],
43 silly audit   compressible: [ '2.0.18' ],
43 silly audit   compression: [ '1.7.4' ],
43 silly audit   'safe-buffer': [ '5.1.2', '5.2.1' ],
43 silly audit   'concat-map': [ '0.0.1' ],
43 silly audit   'connect-history-api-fallback': [ '2.0.0' ],
43 silly audit   consolidate: [ '0.15.1' ],
43 silly audit   'content-disposition': [ '0.5.4' ],
43 silly audit   'content-type': [ '1.0.5' ],
43 silly audit   'convert-source-map': [ '2.0.0' ],
43 silly audit   cookie: [ '0.6.0' ],
43 silly audit   'cookie-signature': [ '1.0.6' ],
43 silly audit   'copy-webpack-plugin': [ '9.1.0' ],
43 silly audit   'schema-utils': [ '3.3.0', '4.2.0', '2.7.0', '2.7.1' ],
43 silly audit   'core-js': [ '3.36.1' ],
43 silly audit   'core-js-compat': [ '3.36.1' ],
43 silly audit   'core-util-is': [ '1.0.3' ],
43 silly audit   cosmiconfig: [ '6.0.0', '7.1.0' ],
43 silly audit   'cross-spawn': [ '6.0.5', '7.0.3', '5.1.0' ],
43 silly audit   'css-declaration-sorter': [ '6.4.1' ],
43 silly audit   'css-loader': [ '6.10.0' ],
43 silly audit   'css-minimizer-webpack-plugin': [ '3.4.1' ],
43 silly audit   'css-select': [ '4.3.0' ],
43 silly audit   'css-tree': [ '1.1.3' ],
43 silly audit   'css-what': [ '6.1.0' ],
43 silly audit   cssesc: [ '3.0.0' ],
43 silly audit   cssnano: [ '5.1.15' ],
43 silly audit   'cssnano-preset-default': [ '5.2.14' ],
43 silly audit   'cssnano-utils': [ '3.1.0' ],
43 silly audit   csso: [ '4.2.0' ],
43 silly audit   csstype: [ '3.1.3' ],
43 silly audit   debounce: [ '1.2.1' ],
43 silly audit   'deep-is': [ '0.1.4' ],
43 silly audit   deepmerge: [ '4.3.1', '1.5.2' ],
43 silly audit   'default-gateway': [ '6.0.3' ],
43 silly audit   execa: [ '5.1.1', '1.0.0', '0.8.0' ],
43 silly audit   'get-stream': [ '6.0.1', '4.1.0', '3.0.0' ],
43 silly audit   'is-stream': [ '2.0.1', '1.1.0' ],
43 silly audit   'npm-run-path': [ '4.0.1', '2.0.2' ],
43 silly audit   'path-key': [ '3.1.1', '2.0.1' ],
43 silly audit   'shebang-command': [ '2.0.0', '1.2.0' ],
43 silly audit   'shebang-regex': [ '3.0.0', '1.0.0' ],
43 silly audit   which: [ '2.0.2', '1.3.1' ],
43 silly audit   defaults: [ '1.0.4' ],
43 silly audit   'define-data-property': [ '1.1.4' ],
43 silly audit   'define-lazy-prop': [ '2.0.0' ],
43 silly audit   'define-properties': [ '1.2.1' ],
43 silly audit   depd: [ '2.0.0', '1.1.2' ],
43 silly audit   destroy: [ '1.2.0' ],
43 silly audit   'detect-node': [ '2.1.0' ],
43 silly audit   'dir-glob': [ '3.0.1' ],
43 silly audit   'dns-packet': [ '5.6.1' ],
43 silly audit   doctrine: [ '3.0.0' ],
43 silly audit   'dom-converter': [ '0.2.0' ],
43 silly audit   'dom-serializer': [ '1.4.1' ],
43 silly audit   entities: [ '2.2.0', '4.5.0' ],
43 silly audit   domelementtype: [ '2.3.0' ],
43 silly audit   domhandler: [ '4.3.1' ],
43 silly audit   domutils: [ '2.8.0' ],
43 silly audit   'dot-case': [ '3.0.4' ],
43 silly audit   dotenv: [ '10.0.0' ],
43 silly audit   'dotenv-expand': [ '5.1.0' ],
43 silly audit   duplexer: [ '0.1.2' ],
43 silly audit   'easy-stack': [ '1.0.1' ],
43 silly audit   'ee-first': [ '1.1.1' ],
43 silly audit   'electron-to-chromium': [ '1.4.722' ],
43 silly audit   'emoji-regex': [ '8.0.0' ],
43 silly audit   'emojis-list': [ '3.0.0' ],
43 silly audit   encodeurl: [ '1.0.2' ],
43 silly audit   'end-of-stream': [ '1.4.4' ],
43 silly audit   'enhanced-resolve': [ '5.16.0' ],
43 silly audit   tapable: [ '2.2.1', '1.1.3' ],
43 silly audit   enquirer: [ '2.4.1' ],
43 silly audit   'error-ex': [ '1.3.2' ],
43 silly audit   'error-stack-parser': [ '2.1.4' ],
43 silly audit   'es-define-property': [ '1.0.0' ],
43 silly audit   'es-errors': [ '1.3.0' ],
43 silly audit   'es-module-lexer': [ '1.5.0' ],
43 silly audit   escalade: [ '3.1.2' ],
43 silly audit   'escape-html': [ '1.0.3' ],
43 silly audit   'escape-string-regexp': [ '1.0.5', '4.0.0' ],
43 silly audit   eslint: [ '7.32.0' ],
43 silly audit   'eslint-plugin-vue': [ '8.7.1' ],
43 silly audit   'eslint-utils': [ '3.0.0', '2.1.0' ],
43 silly audit   'eslint-visitor-keys': [ '2.1.0', '1.3.0', '3.4.3' ],
43 silly audit   'eslint-scope': [ '5.1.1', '7.2.2' ],
43 silly audit   'eslint-webpack-plugin': [ '3.2.0' ],
43 silly audit   'jest-worker': [ '28.1.3', '27.5.1' ],
43 silly audit   espree: [ '7.3.1', '9.6.1' ],
43 silly audit   esprima: [ '4.0.1' ],
43 silly audit   esquery: [ '1.5.0' ],
43 silly audit   estraverse: [ '5.3.0', '4.3.0' ],
43 silly audit   esrecurse: [ '4.3.0' ],
43 silly audit   'estree-walker': [ '2.0.2' ],
43 silly audit   esutils: [ '2.0.3' ],
43 silly audit   etag: [ '1.8.1' ],
43 silly audit   'event-pubsub': [ '4.3.0' ],
43 silly audit   eventemitter3: [ '4.0.7' ],
43 silly audit   events: [ '3.3.0' ],
43 silly audit   express: [ '4.19.2' ],
43 silly audit   'fast-deep-equal': [ '3.1.3' ],
43 silly audit   'fast-glob': [ '3.3.2' ],
43 silly audit   'fast-json-stable-stringify': [ '2.1.0' ],
43 silly audit   'fast-levenshtein': [ '2.0.6' ],
43 silly audit   fastq: [ '1.17.1' ],
43 silly audit   'faye-websocket': [ '0.11.4' ],
43 silly audit   figures: [ '2.0.0' ],
43 silly audit   'file-entry-cache': [ '6.0.1' ],
43 silly audit   'fill-range': [ '7.0.1' ],
43 silly audit   finalhandler: [ '1.2.0' ],
43 silly audit   'find-cache-dir': [ '3.3.2' ],
43 silly audit   'find-up': [ '4.1.0' ],
43 silly audit   flat: [ '5.0.2' ],
43 silly audit   'flat-cache': [ '3.2.0' ],
43 silly audit   flatted: [ '3.3.1' ],
43 silly audit   'follow-redirects': [ '1.15.6' ],
43 silly audit   'fork-ts-checker-webpack-plugin': [ '6.5.3' ],
43 silly audit   forwarded: [ '0.2.0' ],
43 silly audit   'fraction.js': [ '4.3.7' ],
43 silly audit   fresh: [ '0.5.2' ],
43 silly audit   'fs-extra': [ '9.1.0' ],
43 silly audit   'fs-monkey': [ '1.0.5' ],
43 silly audit   'fs.realpath': [ '1.0.0' ],
43 silly audit   fsevents: [ '2.3.3' ],
43 silly audit   'function-bind': [ '1.1.2' ],
43 silly audit   'functional-red-black-tree': [ '1.0.1' ],
43 silly audit   gensync: [ '1.0.0-beta.2' ],
43 silly audit   'get-caller-file': [ '2.0.5' ],
43 silly audit   'get-intrinsic': [ '1.2.4' ],
43 silly audit   glob: [ '7.2.3' ],
43 silly audit   'glob-to-regexp': [ '0.4.1' ],
43 silly audit   globby: [ '11.1.0' ],
43 silly audit   gopd: [ '1.0.1' ],
43 silly audit   'graceful-fs': [ '4.2.11' ],
43 silly audit   graphemer: [ '1.4.0' ],
43 silly audit   'gzip-size': [ '6.0.0' ],
43 silly audit   'handle-thing': [ '2.0.1' ],
43 silly audit   'has-property-descriptors': [ '1.0.2' ],
43 silly audit   'has-proto': [ '1.0.3' ],
43 silly audit   'has-symbols': [ '1.0.3' ],
43 silly audit   hasown: [ '2.0.2' ],
43 silly audit   he: [ '1.2.0' ],
43 silly audit   'highlight.js': [ '10.7.3' ],
43 silly audit   'hosted-git-info': [ '2.8.9' ],
43 silly audit   'hpack.js': [ '2.1.6' ],
43 silly audit   'readable-stream': [ '2.3.8', '3.6.2' ],
43 silly audit   string_decoder: [ '1.1.1', '1.3.0' ],
43 silly audit   'html-entities': [ '2.5.2' ],
43 silly audit   'html-escaper': [ '2.0.2' ],
43 silly audit   'html-minifier-terser': [ '6.1.0' ],
43 silly audit   'html-webpack-plugin': [ '5.6.0' ],
43 silly audit   htmlparser2: [ '6.1.0' ],
43 silly audit   'http-deceiver': [ '1.2.7' ],
43 silly audit   'http-errors': [ '2.0.0', '1.6.3' ],
43 silly audit   'http-parser-js': [ '0.5.8' ],
43 silly audit   'http-proxy': [ '1.18.1' ],
43 silly audit   'http-proxy-middleware': [ '2.0.6' ],
43 silly audit   'human-signals': [ '2.1.0' ],
43 silly audit   'iconv-lite': [ '0.4.24' ],
43 silly audit   'icss-utils': [ '5.1.0' ],
43 silly audit   ieee754: [ '1.2.1' ],
43 silly audit   'import-fresh': [ '3.3.0' ],
43 silly audit   imurmurhash: [ '0.1.4' ],
43 silly audit   inflight: [ '1.0.6' ],
43 silly audit   inherits: [ '2.0.4', '2.0.3' ],
43 silly audit   'ipaddr.js': [ '2.1.0', '1.9.1' ],
43 silly audit   'is-arrayish': [ '0.2.1' ],
43 silly audit   'is-binary-path': [ '2.1.0' ],
43 silly audit   'is-ci': [ '1.2.1' ],
43 silly audit   'is-core-module': [ '2.13.1' ],
43 silly audit   'is-docker': [ '2.2.1' ],
43 silly audit   'is-extglob': [ '2.1.1' ],
43 silly audit   'is-file-esm': [ '1.0.0' ],
43 silly audit   'is-fullwidth-code-point': [ '3.0.0', '2.0.0' ],
43 silly audit   'is-glob': [ '4.0.3' ],
43 silly audit   'is-interactive': [ '1.0.0' ],
43 silly audit   'is-number': [ '7.0.0' ],
43 silly audit   'is-plain-obj': [ '3.0.0' ],
43 silly audit   'is-unicode-supported': [ '0.1.0' ],
43 silly audit   'is-wsl': [ '2.2.0' ],
43 silly audit   isarray: [ '1.0.0' ],
43 silly audit   isexe: [ '2.0.0' ],
43 silly audit   isobject: [ '3.0.1' ],
43 silly audit   'javascript-stringify': [ '2.1.0' ],
43 silly audit   joi: [ '17.12.2' ],
43 silly audit   'js-message': [ '1.0.7' ],
43 silly audit   'js-tokens': [ '4.0.0' ],
43 silly audit   'js-yaml': [ '3.14.1' ],
43 silly audit   jsesc: [ '2.5.2', '0.5.0' ],
43 silly audit   'json-buffer': [ '3.0.1' ],
43 silly audit   'json-parse-better-errors': [ '1.0.2' ],
43 silly audit   'json-parse-even-better-errors': [ '2.3.1' ],
43 silly audit   'json-stable-stringify-without-jsonify': [ '1.0.1' ],
43 silly audit   json5: [ '2.2.3', '1.0.2' ],
43 silly audit   jsonfile: [ '6.1.0' ],
43 silly audit   keyv: [ '4.5.4' ],
43 silly audit   'kind-of': [ '6.0.3' ],
43 silly audit   klona: [ '2.0.6' ],
43 silly audit   'launch-editor': [ '2.6.1' ],
43 silly audit   'launch-editor-middleware': [ '2.6.1' ],
43 silly audit   levn: [ '0.4.1' ],
43 silly audit   lilconfig: [ '2.1.0' ],
43 silly audit   'lines-and-columns': [ '1.2.4' ],
43 silly audit   'loader-runner': [ '4.3.0' ],
43 silly audit   'locate-path': [ '5.0.0' ],
43 silly audit   lodash: [ '4.17.21' ],
43 silly audit   'lodash.debounce': [ '4.0.8' ],
43 silly audit   'lodash.defaultsdeep': [ '4.6.1' ],
43 silly audit   'lodash.kebabcase': [ '4.1.1' ],
43 silly audit   'lodash.mapvalues': [ '4.6.0' ],
43 silly audit   'lodash.memoize': [ '4.1.2' ],
43 silly audit   'lodash.merge': [ '4.6.2' ],
43 silly audit   'lodash.truncate': [ '4.4.2' ],
43 silly audit   'lodash.uniq': [ '4.5.0' ],
43 silly audit   'log-symbols': [ '4.1.0' ],
43 silly audit   'log-update': [ '2.3.0' ],
43 silly audit   'mimic-fn': [ '1.2.0', '2.1.0' ],
43 silly audit   onetime: [ '2.0.1', '5.1.2' ],
43 silly audit   'restore-cursor': [ '2.0.0', '3.1.0' ],
43 silly audit   'string-width': [ '2.1.1', '4.2.3' ],
43 silly audit   'strip-ansi': [ '4.0.0', '6.0.1' ],
43 silly audit   'wrap-ansi': [ '3.0.1', '7.0.0' ],
43 silly audit   'lower-case': [ '2.0.2' ],
43 silly audit   'magic-string': [ '0.30.8' ],
43 silly audit   'make-dir': [ '3.1.0' ],
43 silly audit   'mdn-data': [ '2.0.14' ],
43 silly audit   'media-typer': [ '0.3.0' ],
43 silly audit   memfs: [ '3.5.3' ],
43 silly audit   'merge-descriptors': [ '1.0.1' ],
43 silly audit   'merge-source-map': [ '1.1.0' ],
43 silly audit   'merge-stream': [ '2.0.0' ],
43 silly audit   merge2: [ '1.4.1' ],
43 silly audit   methods: [ '1.1.2' ],
43 silly audit   micromatch: [ '4.0.5' ],
43 silly audit   mime: [ '1.6.0' ],
43 silly audit   'mime-db': [ '1.52.0' ],
43 silly audit   'mime-types': [ '2.1.35' ],
43 silly audit   'mini-css-extract-plugin': [ '2.8.1' ],
43 silly audit   'minimalistic-assert': [ '1.0.1' ],
43 silly audit   minimatch: [ '3.1.2' ],
43 silly audit   minimist: [ '1.2.8' ],
43 silly audit   minipass: [ '3.3.6' ],
43 silly audit   mkdirp: [ '0.5.6' ],
43 silly audit   'module-alias': [ '2.2.3' ],
43 silly audit   mrmime: [ '2.0.0' ],
43 silly audit   'multicast-dns': [ '7.2.5' ],
43 silly audit   mz: [ '2.7.0' ],
43 silly audit   nanoid: [ '3.3.7' ],
43 silly audit   'natural-compare': [ '1.4.0' ],
43 silly audit   'natural-compare-lite': [ '1.4.0' ],
43 silly audit   negotiator: [ '0.6.3' ],
43 silly audit   'neo-async': [ '2.6.2' ],
43 silly audit   'nice-try': [ '1.0.5' ],
43 silly audit   'no-case': [ '3.0.4' ],
43 silly audit   'node-fetch': [ '2.7.0' ],
43 silly audit   'node-forge': [ '1.3.1' ],
43 silly audit   'node-releases': [ '2.0.14' ],
43 silly audit   'normalize-package-data': [ '2.5.0' ],
43 silly audit   'normalize-path': [ '3.0.0', '1.0.0' ],
43 silly audit   'normalize-range': [ '0.1.2' ],
43 silly audit   'normalize-url': [ '6.1.0' ],
43 silly audit   'nth-check': [ '2.1.1' ],
43 silly audit   'object-assign': [ '4.1.1' ],
43 silly audit   'object-inspect': [ '1.13.1' ],
43 silly audit   'object-keys': [ '1.1.1' ],
43 silly audit   'object.assign': [ '4.1.5' ],
43 silly audit   obuf: [ '1.1.2' ],
43 silly audit   'on-finished': [ '2.4.1' ],
43 silly audit   'on-headers': [ '1.0.2' ],
43 silly audit   once: [ '1.4.0' ],
43 silly audit   open: [ '8.4.2' ],
43 silly audit   opener: [ '1.5.2' ],
43 silly audit   optionator: [ '0.9.3' ],
43 silly audit   ora: [ '5.4.1' ],
43 silly audit   'p-finally': [ '1.0.0' ],
43 silly audit   'p-limit': [ '2.3.0' ],
43 silly audit   'p-locate': [ '4.1.0' ],
43 silly audit   'p-retry': [ '4.6.2' ],
43 silly audit   'p-try': [ '2.2.0' ],
43 silly audit   'param-case': [ '3.0.4' ],
43 silly audit   'parent-module': [ '1.0.1' ],
43 silly audit   'parse-json': [ '5.2.0' ],
43 silly audit   parse5: [ '5.1.1', '6.0.1' ],
43 silly audit   'parse5-htmlparser2-tree-adapter': [ '6.0.1' ],
43 silly audit   parseurl: [ '1.3.3' ],
43 silly audit   'pascal-case': [ '3.1.2' ],
43 silly audit   'path-exists': [ '4.0.0' ],
43 silly audit   'path-is-absolute': [ '1.0.1' ],
43 silly audit   'path-parse': [ '1.0.7' ],
43 silly audit   'path-to-regexp': [ '0.1.7' ],
43 silly audit   'path-type': [ '4.0.0' ],
43 silly audit   picomatch: [ '2.3.1' ],
43 silly audit   'pkg-dir': [ '4.2.0' ],
43 silly audit   portfinder: [ '1.0.32' ],
43 silly audit   'postcss-calc': [ '8.2.4' ],
43 silly audit   'postcss-colormin': [ '5.3.1' ],
43 silly audit   'postcss-convert-values': [ '5.1.3' ],
43 silly audit   'postcss-discard-comments': [ '5.1.2' ],
43 silly audit   'postcss-discard-duplicates': [ '5.1.0' ],
43 silly audit   'postcss-discard-empty': [ '5.1.1' ],
43 silly audit   'postcss-discard-overridden': [ '5.1.0' ],
43 silly audit   'postcss-loader': [ '6.2.1' ],
43 silly audit   'postcss-merge-longhand': [ '5.1.7' ],
43 silly audit   'postcss-merge-rules': [ '5.1.4' ],
43 silly audit   'postcss-minify-font-values': [ '5.1.0' ],
43 silly audit   'postcss-minify-gradients': [ '5.1.1' ],
43 silly audit   'postcss-minify-params': [ '5.1.4' ],
43 silly audit   'postcss-minify-selectors': [ '5.2.1' ],
43 silly audit   'postcss-modules-extract-imports': [ '3.0.0' ],
43 silly audit   'postcss-modules-local-by-default': [ '4.0.4' ],
43 silly audit   'postcss-modules-scope': [ '3.1.1' ],
43 silly audit   'postcss-modules-values': [ '4.0.0' ],
43 silly audit   'postcss-normalize-charset': [ '5.1.0' ],
43 silly audit   'postcss-normalize-display-values': [ '5.1.0' ],
43 silly audit   'postcss-normalize-positions': [ '5.1.1' ],
43 silly audit   'postcss-normalize-repeat-style': [ '5.1.1' ],
43 silly audit   'postcss-normalize-string': [ '5.1.0' ],
43 silly audit   'postcss-normalize-timing-functions': [ '5.1.0' ],
43 silly audit   'postcss-normalize-unicode': [ '5.1.1' ],
43 silly audit   'postcss-normalize-url': [ '5.1.0' ],
43 silly audit   'postcss-normalize-whitespace': [ '5.1.1' ],
43 silly audit   'postcss-ordered-values': [ '5.1.3' ],
43 silly audit   'postcss-reduce-initial': [ '5.1.2' ],
43 silly audit   'postcss-reduce-transforms': [ '5.1.0' ],
43 silly audit   'postcss-selector-parser': [ '6.0.16' ],
43 silly audit   'postcss-svgo': [ '5.1.0' ],
43 silly audit   'postcss-unique-selectors': [ '5.1.1' ],
43 silly audit   'postcss-value-parser': [ '4.2.0' ],
43 silly audit   'prelude-ls': [ '1.2.1' ],
43 silly audit   prettier: [ '2.8.8' ],
43 silly audit   'pretty-error': [ '4.0.0' ],
43 silly audit   'process-nextick-args': [ '2.0.1' ],
43 silly audit   progress: [ '2.0.3' ],
43 silly audit   'progress-webpack-plugin': [ '1.0.16' ],
43 silly audit   'proxy-addr': [ '2.0.7' ],
43 silly audit   pseudomap: [ '1.0.2' ],
43 silly audit   pump: [ '3.0.0' ],
43 silly audit   punycode: [ '2.3.1' ],
43 silly audit   qs: [ '6.11.0' ],
43 silly audit   'queue-microtask': [ '1.2.3' ],
43 silly audit   randombytes: [ '2.1.0' ],
43 silly audit   'range-parser': [ '1.2.1' ],
43 silly audit   'raw-body': [ '2.5.2' ],
43 silly audit   'read-pkg': [ '5.2.0' ],
43 silly audit   'read-pkg-up': [ '7.0.1' ],
43 silly audit   readdirp: [ '3.6.0' ],
43 silly audit   regenerate: [ '1.4.2' ],
43 silly audit   'regenerate-unicode-properties': [ '10.1.1' ],
43 silly audit   'regenerator-runtime': [ '0.14.1' ],
43 silly audit   'regenerator-transform': [ '0.15.2' ],
43 silly audit   regexpp: [ '3.2.0' ],
43 silly audit   'regexpu-core': [ '5.3.2' ],
43 silly audit   regjsparser: [ '0.9.1' ],
43 silly audit   relateurl: [ '0.2.7' ],
43 silly audit   renderkid: [ '3.0.0' ],
43 silly audit   'require-directory': [ '2.1.1' ],
43 silly audit   'require-from-string': [ '2.0.2' ],
43 silly audit   'requires-port': [ '1.0.0' ],
43 silly audit   resolve: [ '1.22.8' ],
43 silly audit   'resolve-from': [ '4.0.0' ],
43 silly audit   retry: [ '0.13.1' ],
43 silly audit   reusify: [ '1.0.4' ],
43 silly audit   rimraf: [ '3.0.2' ],
43 silly audit   'run-parallel': [ '1.2.0' ],
43 silly audit   'safer-buffer': [ '2.1.2' ],
43 silly audit   'select-hose': [ '2.0.0' ],
43 silly audit   selfsigned: [ '2.4.1' ],
43 silly audit   send: [ '0.18.0' ],
43 silly audit   'serialize-javascript': [ '6.0.2' ],
43 silly audit   'serve-index': [ '1.9.1' ],
43 silly audit   setprototypeof: [ '1.1.0', '1.2.0' ],
43 silly audit   statuses: [ '1.5.0', '2.0.1' ],
43 silly audit   'serve-static': [ '1.15.0' ],
43 silly audit   'set-function-length': [ '1.2.2' ],
43 silly audit   'shallow-clone': [ '3.0.1' ],
43 silly audit   'shell-quote': [ '1.8.1' ],
43 silly audit   'side-channel': [ '1.0.6' ],
43 silly audit   'signal-exit': [ '3.0.7' ],
43 silly audit   sirv: [ '2.0.4' ],
43 silly audit   slash: [ '3.0.0' ],
43 silly audit   'slice-ansi': [ '4.0.0' ],
43 silly audit   sockjs: [ '0.3.24' ],
43 silly audit   'source-map': [ '0.6.1', '0.7.4' ],
43 silly audit   'source-map-js': [ '1.2.0' ],
43 silly audit   'source-map-support': [ '0.5.21' ],
43 silly audit   'spdx-correct': [ '3.2.0' ],
43 silly audit   'spdx-exceptions': [ '2.5.0' ],
43 silly audit   'spdx-expression-parse': [ '3.0.1' ],
43 silly audit   'spdx-license-ids': [ '3.0.17' ],
43 silly audit   spdy: [ '4.0.2' ],
43 silly audit   'spdy-transport': [ '3.0.0' ],
43 silly audit   'sprintf-js': [ '1.0.3' ],
43 silly audit   ssri: [ '8.0.1' ],
43 silly audit   stable: [ '0.1.8' ],
43 silly audit   stackframe: [ '1.3.4' ],
43 silly audit   'strip-eof': [ '1.0.0' ],
43 silly audit   'strip-final-newline': [ '2.0.0' ],
43 silly audit   'strip-indent': [ '2.0.0' ],
43 silly audit   'strip-json-comments': [ '3.1.1' ],
43 silly audit   stylehacks: [ '5.1.1' ],
43 silly audit   'supports-preserve-symlinks-flag': [ '1.0.0' ],
43 silly audit   'svg-tags': [ '1.0.0' ],
43 silly audit   svgo: [ '2.8.0' ],
43 silly audit   table: [ '6.8.2' ],
43 silly audit   terser: [ '5.30.0' ],
43 silly audit   'terser-webpack-plugin': [ '5.3.10' ],
43 silly audit   'text-table': [ '0.2.0' ],
43 silly audit   thenify: [ '3.3.1' ],
43 silly audit   'thenify-all': [ '1.6.0' ],
43 silly audit   'thread-loader': [ '3.0.4' ],
43 silly audit   thunky: [ '1.1.0' ],
43 silly audit   'to-fast-properties': [ '2.0.0' ],
43 silly audit   'to-regex-range': [ '5.0.1' ],
43 silly audit   toidentifier: [ '1.0.1' ],
43 silly audit   totalist: [ '3.0.1' ],
43 silly audit   tr46: [ '0.0.3' ],
43 silly audit   'ts-loader': [ '9.5.1' ],
43 silly audit   tslib: [ '2.6.2', '1.14.1' ],
43 silly audit   tsutils: [ '3.21.0' ],
43 silly audit   'type-check': [ '0.4.0' ],
43 silly audit   'type-is': [ '1.6.18' ],
43 silly audit   typescript: [ '4.5.5' ],
43 silly audit   'undici-types': [ '5.26.5' ],
43 silly audit   'unicode-canonical-property-names-ecmascript': [ '2.0.0' ],
43 silly audit   'unicode-match-property-ecmascript': [ '2.0.0' ],
43 silly audit   'unicode-match-property-value-ecmascript': [ '2.1.0' ],
43 silly audit   'unicode-property-aliases-ecmascript': [ '2.1.0' ],
43 silly audit   universalify: [ '2.0.1' ],
43 silly audit   unpipe: [ '1.0.0' ],
43 silly audit   'update-browserslist-db': [ '1.0.13' ],
43 silly audit   'uri-js': [ '4.4.1' ],
43 silly audit   'util-deprecate': [ '1.0.2' ],
43 silly audit   utila: [ '0.4.0' ],
43 silly audit   'utils-merge': [ '1.0.1' ],
43 silly audit   uuid: [ '8.3.2' ],
43 silly audit   'v8-compile-cache': [ '2.4.0' ],
43 silly audit   'validate-npm-package-license': [ '3.0.4' ],
43 silly audit   vary: [ '1.1.2' ],
43 silly audit   vue: [ '3.4.21' ],
43 silly audit   'vue-eslint-parser': [ '8.3.0' ],
43 silly audit   'vue-hot-reload-api': [ '2.3.4' ],
43 silly audit   'vue-style-loader': [ '4.1.3' ],
43 silly audit   'vue-template-es2015-compiler': [ '1.9.1' ],
43 silly audit   watchpack: [ '2.4.1' ],
43 silly audit   wbuf: [ '1.7.3' ],
43 silly audit   wcwidth: [ '1.0.1' ],
43 silly audit   'webidl-conversions': [ '3.0.1' ],
43 silly audit   webpack: [ '5.91.0' ],
43 silly audit   'webpack-bundle-analyzer': [ '4.10.1' ],
43 silly audit   'webpack-chain': [ '6.5.1' ],
43 silly audit   'webpack-dev-middleware': [ '5.3.4' ],
43 silly audit   'webpack-dev-server': [ '4.15.2' ],
43 silly audit   ws: [ '8.16.0', '7.5.9' ],
43 silly audit   'webpack-merge': [ '5.10.0' ],
43 silly audit   'webpack-sources': [ '3.2.3' ],
43 silly audit   'webpack-virtual-modules': [ '0.4.6' ],
43 silly audit   'websocket-driver': [ '0.7.4' ],
43 silly audit   'websocket-extensions': [ '0.1.4' ],
43 silly audit   'whatwg-fetch': [ '3.6.20' ],
43 silly audit   'whatwg-url': [ '5.0.0' ],
43 silly audit   wildcard: [ '2.0.1' ],
43 silly audit   wrappy: [ '1.0.2' ],
43 silly audit   y18n: [ '5.0.8' ],
43 silly audit   yaml: [ '1.10.2' ],
43 silly audit   yargs: [ '16.2.0' ],
43 silly audit   'yargs-parser': [ '20.2.9' ],
43 silly audit   yorkie: [ '2.0.0' ]
43 silly audit }
44 verbose reify failed optional dependency /home/node/node_modules/fsevents
45 silly reify mark deleted [ '/home/node/node_modules/fsevents' ]
46 timing reifyNode:node_modules/fsevents Completed in 15ms
47 timing reify:unpack Completed in 16ms
48 timing reify:unretire Completed in 0ms
49 timing build:queue Completed in 5ms
50 timing build:deps Completed in 5ms
51 timing build Completed in 5ms
52 timing reify:build Completed in 6ms
53 timing reify:trash Completed in 0ms
54 timing reify:save Completed in 78ms
55 http fetch POST 200 https://registry.npmjs.org/-/npm/v1/security/advisories/bulk 939ms
56 timing auditReport:getReport Completed in 950ms
57 silly audit report {
57 silly audit report   postcss: [
57 silly audit report     {
57 silly audit report       id: 1094544,
57 silly audit report       url: 'https://github.com/advisories/GHSA-7fh5-64p2-3v2j',
57 silly audit report       title: 'PostCSS line return parsing error',
57 silly audit report       severity: 'moderate',
57 silly audit report       vulnerable_versions: '<8.4.31',
57 silly audit report       cwe: [Array],
57 silly audit report       cvss: [Object]
57 silly audit report     }
57 silly audit report   ]
57 silly audit report }
58 timing metavuln:cache:get:security-advisory:postcss:ylHlqxOD5gx7vcQurwTZyQHJsodRCM2yV95izcDPSahj+DDa6IEdlDh7BWAlf7fDDEd+NyVQHm50pHmcApHI4w== Completed in 8ms
59 http fetch GET 200 https://registry.npmjs.org/postcss 219ms (cache revalidated)
60 timing metavuln:packument:postcss Completed in 222ms
61 timing metavuln:load:security-advisory:postcss:1094544 Completed in 2ms
62 timing metavuln:calculate:security-advisory:postcss:1094544 Completed in 224ms
63 timing metavuln:cache:get:security-advisory:@vue/component-compiler-utils:WR7gpuTjEIYE+cziKlKK/wkcgv1WYawlbtzO5Xgp6i62jvnXSVcIkGFtvQYVuB3HokCgNufrD6DKK605kg1TLA== Completed in 2ms
64 http fetch GET 200 https://registry.npmjs.org/@vue%2fcomponent-compiler-utils 396ms (cache revalidated)
65 timing metavuln:packument:@vue/component-compiler-utils Completed in 396ms
66 timing metavuln:load:security-advisory:@vue/component-compiler-utils:ylHlqxOD5gx7vcQurwTZyQHJsodRCM2yV95izcDPSahj+DDa6IEdlDh7BWAlf7fDDEd+NyVQHm50pHmcApHI4w== Completed in 0ms
67 timing metavuln:calculate:security-advisory:@vue/component-compiler-utils:ylHlqxOD5gx7vcQurwTZyQHJsodRCM2yV95izcDPSahj+DDa6IEdlDh7BWAlf7fDDEd+NyVQHm50pHmcApHI4w== Completed in 396ms
68 timing metavuln:cache:get:security-advisory:vue-loader:y7cs/fvnK3vHbUIldsfybzYLvf1ek1rIc0xsd72yOyNmVpR0ga/sYw//tnGX+Ex6HZMzDcZ+mGHUG9nGhpqb7Q== Completed in 2ms
69 timing metavuln:cache:get:security-advisory:@vue/cli-service:FUczhcrObHvGqD94e+Y+g1q5WrXuti4JrVzYNNOp3ILU7iy7jj+udZ2OPJY9aP4MPYxyRzozdRjsr9unfqCg3w== Completed in 2ms
70 http fetch GET 200 https://registry.npmjs.org/@vue%2fcli-service 228ms (cache revalidated)
71 timing metavuln:packument:@vue/cli-service Completed in 231ms
72 timing metavuln:load:security-advisory:@vue/cli-service:WR7gpuTjEIYE+cziKlKK/wkcgv1WYawlbtzO5Xgp6i62jvnXSVcIkGFtvQYVuB3HokCgNufrD6DKK605kg1TLA== Completed in 1ms
73 timing metavuln:calculate:security-advisory:@vue/cli-service:WR7gpuTjEIYE+cziKlKK/wkcgv1WYawlbtzO5Xgp6i62jvnXSVcIkGFtvQYVuB3HokCgNufrD6DKK605kg1TLA== Completed in 233ms
74 http fetch GET 200 https://registry.npmjs.org/vue-loader 825ms (cache revalidated)
75 timing metavuln:packument:vue-loader Completed in 829ms
76 timing metavuln:load:security-advisory:vue-loader:WR7gpuTjEIYE+cziKlKK/wkcgv1WYawlbtzO5Xgp6i62jvnXSVcIkGFtvQYVuB3HokCgNufrD6DKK605kg1TLA== Completed in 0ms
77 timing metavuln:calculate:security-advisory:vue-loader:WR7gpuTjEIYE+cziKlKK/wkcgv1WYawlbtzO5Xgp6i62jvnXSVcIkGFtvQYVuB3HokCgNufrD6DKK605kg1TLA== Completed in 830ms
78 timing metavuln:cache:get:security-advisory:@vue/cli-plugin-babel:XhGnRkY2vMmTeCjfWQwTQu+nEy4MaJd/mfOxHHyzv1FeW7Vr/eQmO52v8Xxa/1hfJsihtv5uHhJ31qRbpfElLA== Completed in 7ms
79 timing metavuln:cache:get:security-advisory:@vue/cli-plugin-vuex:jb2AZalG8n5Y2qmnLSj3iVSsPbwMlK7A71JBSTJP6+1IUWpIlHKVd+YjJ1lipwDXjF0gYlpL2kmuCBVCNcCtUQ== Completed in 6ms
80 timing metavuln:cache:get:security-advisory:@vue/cli-plugin-router:fVoW856i5YoUu4QSLm9F5eTiebHwJGtXz+vzy1CI63OeWKTDFt9RZiOBV3QP/7g6dGQncdHlALDmKVzjopO6dg== Completed in 7ms
81 timing metavuln:cache:get:security-advisory:@vue/cli-plugin-eslint:KJdcIwuSp0WfCN1nQSJ+E8xhWihGvm3K0DnAiLn1L5f16/xSSuWELWouNBkv67pTDhbisniSKhAk8C5D0EfdfA== Completed in 7ms
82 timing metavuln:cache:get:security-advisory:@vue/cli-plugin-typescript:Boup+Z2I5mrPJuwEdWDR5yvJPD1ud3e7V6lQPB+NodGqMQ24tAJm+bQ/NXHKO0xBG+QWuG0YwBXrs0Zjf08Vww== Completed in 6ms
83 http fetch GET 200 https://registry.npmjs.org/@vue%2fcli-plugin-router 248ms (cache revalidated)
84 timing metavuln:packument:@vue/cli-plugin-router Completed in 250ms
85 timing metavuln:load:security-advisory:@vue/cli-plugin-router:FUczhcrObHvGqD94e+Y+g1q5WrXuti4JrVzYNNOp3ILU7iy7jj+udZ2OPJY9aP4MPYxyRzozdRjsr9unfqCg3w== Completed in 0ms
86 timing metavuln:calculate:security-advisory:@vue/cli-plugin-router:FUczhcrObHvGqD94e+Y+g1q5WrXuti4JrVzYNNOp3ILU7iy7jj+udZ2OPJY9aP4MPYxyRzozdRjsr9unfqCg3w== Completed in 250ms
87 http fetch GET 200 https://registry.npmjs.org/@vue%2fcli-plugin-babel 269ms (cache revalidated)
88 timing metavuln:packument:@vue/cli-plugin-babel Completed in 272ms
89 timing metavuln:load:security-advisory:@vue/cli-plugin-babel:FUczhcrObHvGqD94e+Y+g1q5WrXuti4JrVzYNNOp3ILU7iy7jj+udZ2OPJY9aP4MPYxyRzozdRjsr9unfqCg3w== Completed in 0ms
90 timing metavuln:calculate:security-advisory:@vue/cli-plugin-babel:FUczhcrObHvGqD94e+Y+g1q5WrXuti4JrVzYNNOp3ILU7iy7jj+udZ2OPJY9aP4MPYxyRzozdRjsr9unfqCg3w== Completed in 272ms
91 http fetch GET 200 https://registry.npmjs.org/@vue%2fcli-plugin-typescript 1154ms (cache revalidated)
92 timing metavuln:packument:@vue/cli-plugin-typescript Completed in 1155ms
93 timing metavuln:load:security-advisory:@vue/cli-plugin-typescript:FUczhcrObHvGqD94e+Y+g1q5WrXuti4JrVzYNNOp3ILU7iy7jj+udZ2OPJY9aP4MPYxyRzozdRjsr9unfqCg3w== Completed in 1ms
94 timing metavuln:calculate:security-advisory:@vue/cli-plugin-typescript:FUczhcrObHvGqD94e+Y+g1q5WrXuti4JrVzYNNOp3ILU7iy7jj+udZ2OPJY9aP4MPYxyRzozdRjsr9unfqCg3w== Completed in 1157ms
95 http fetch GET 200 https://registry.npmjs.org/@vue%2fcli-plugin-vuex 1215ms (cache revalidated)
96 timing metavuln:packument:@vue/cli-plugin-vuex Completed in 1216ms
97 timing metavuln:load:security-advisory:@vue/cli-plugin-vuex:FUczhcrObHvGqD94e+Y+g1q5WrXuti4JrVzYNNOp3ILU7iy7jj+udZ2OPJY9aP4MPYxyRzozdRjsr9unfqCg3w== Completed in 0ms
98 timing metavuln:calculate:security-advisory:@vue/cli-plugin-vuex:FUczhcrObHvGqD94e+Y+g1q5WrXuti4JrVzYNNOp3ILU7iy7jj+udZ2OPJY9aP4MPYxyRzozdRjsr9unfqCg3w== Completed in 1216ms
99 http fetch GET 200 https://registry.npmjs.org/@vue%2fcli-plugin-eslint 16245ms (cache revalidated)
100 timing metavuln:packument:@vue/cli-plugin-eslint Completed in 16246ms
101 timing metavuln:load:security-advisory:@vue/cli-plugin-eslint:FUczhcrObHvGqD94e+Y+g1q5WrXuti4JrVzYNNOp3ILU7iy7jj+udZ2OPJY9aP4MPYxyRzozdRjsr9unfqCg3w== Completed in 1ms
102 timing metavuln:calculate:security-advisory:@vue/cli-plugin-eslint:FUczhcrObHvGqD94e+Y+g1q5WrXuti4JrVzYNNOp3ILU7iy7jj+udZ2OPJY9aP4MPYxyRzozdRjsr9unfqCg3w== Completed in 16247ms
103 timing metavuln:cache:get:security-advisory:@vue/cli-service:2UhM1sm6rOaTMj97ETYlnQJfyVR241ldk5xtaVmPyJQekbQvUbFw1LE6dnIJrmioEUHsgn0WZbq9OFfDA45oEA== Completed in 1ms
104 timing metavuln:load:security-advisory:@vue/cli-service:y7cs/fvnK3vHbUIldsfybzYLvf1ek1rIc0xsd72yOyNmVpR0ga/sYw//tnGX+Ex6HZMzDcZ+mGHUG9nGhpqb7Q== Completed in 2ms
105 timing metavuln:calculate:security-advisory:@vue/cli-service:y7cs/fvnK3vHbUIldsfybzYLvf1ek1rIc0xsd72yOyNmVpR0ga/sYw//tnGX+Ex6HZMzDcZ+mGHUG9nGhpqb7Q== Completed in 3ms
106 timing auditReport:init Completed in 17713ms
107 timing reify:audit Completed in 18666ms
108 timing reify Completed in 19276ms
109 silly ADD
110 timing command:install Completed in 19298ms
111 verbose exit 0
112 timing npm Completed in 19525ms
113 info ok
